<?xml version="1.0" encoding="UTF-8"?>
<testsuite name="com.gildedrose.GildedRoseTest" tests="21" skipped="0" failures="0" errors="0" timestamp="2020-11-15T18:47:15" hostname="LAPTOP-9S9C519H" time="0.406">
  <properties/>
  <testcase name="testAgedBrie()" classname="com.gildedrose.GildedRoseTest" time="0.319"/>
  <testcase name="testBackstageQuality1()" classname="com.gildedrose.GildedRoseTest" time="0.003"/>
  <testcase name="testBackstageQuality2()" classname="com.gildedrose.GildedRoseTest" time="0.001"/>
  <testcase name="testConjureQualityNegativeQuality()" classname="com.gildedrose.GildedRoseTest" time="0.002"/>
  <testcase name="testConjureQuality()" classname="com.gildedrose.GildedRoseTest" time="0.001"/>
  <testcase name="testBackstageQuality150()" classname="com.gildedrose.GildedRoseTest" time="0.001"/>
  <testcase name="testBackstageQuality250()" classname="com.gildedrose.GildedRoseTest" time="0.002"/>
  <testcase name="testBackstageQuality350()" classname="com.gildedrose.GildedRoseTest" time="0.001"/>
  <testcase name="testtoString()" classname="com.gildedrose.GildedRoseTest" time="0.002"/>
  <testcase name="testAgedBrieNeg()" classname="com.gildedrose.GildedRoseTest" time="0.002"/>
  <testcase name="testBackstagePassedQuality()" classname="com.gildedrose.GildedRoseTest" time="0.003"/>
  <testcase name="testNegativeQuality()" classname="com.gildedrose.GildedRoseTest" time="0.001"/>
  <testcase name="testQualityLimit()" classname="com.gildedrose.GildedRoseTest" time="0.001"/>
  <testcase name="testDegrade1()" classname="com.gildedrose.GildedRoseTest" time="0.001"/>
  <testcase name="testDegrade2()" classname="com.gildedrose.GildedRoseTest" time="0.003"/>
  <testcase name="testInsert()" classname="com.gildedrose.GildedRoseTest" time="0.001"/>
  <testcase name="testNegativeSellInQuality()" classname="com.gildedrose.GildedRoseTest" time="0.001"/>
  <testcase name="testConjureQualityNegQualitySellIn()" classname="com.gildedrose.GildedRoseTest" time="0.001"/>
  <testcase name="testConjureQualityNegativeSellIn()" classname="com.gildedrose.GildedRoseTest" time="0.001"/>
  <testcase name="testSulfurasQualityNeg()" classname="com.gildedrose.GildedRoseTest" time="0.002"/>
  <testcase name="testSulfurasQuality()" classname="com.gildedrose.GildedRoseTest" time="0.001"/>
  <system-out><![CDATA[]]></system-out>
  <system-err><![CDATA[]]></system-err>
</testsuite>
